TN:
SF:services/formatters.js
FN:3,ageFormatter
FN:14,patternExtractionFormatter
FN:28,chromosomeFormatter
FN:39,unparsedColonNumericValueFormatter
FN:48,formatProject
FN:54,invalidNumberFormatter
FNF:6
FNH:1
FNDA:0,ageFormatter
FNDA:0,patternExtractionFormatter
FNDA:0,chromosomeFormatter
FNDA:0,unparsedColonNumericValueFormatter
FNDA:6,formatProject
FNDA:0,invalidNumberFormatter
DA:1,1
DA:2,1
DA:3,1
DA:4,0
DA:5,0
DA:6,0
DA:7,0
DA:8,0
DA:9,0
DA:10,0
DA:11,0
DA:12,0
DA:13,1
DA:14,1
DA:15,0
DA:16,0
DA:17,0
DA:18,0
DA:19,0
DA:20,0
DA:21,0
DA:22,0
DA:23,0
DA:24,0
DA:25,0
DA:26,0
DA:27,1
DA:28,1
DA:29,0
DA:30,0
DA:31,0
DA:32,0
DA:33,0
DA:34,0
DA:35,0
DA:36,0
DA:37,1
DA:38,1
DA:39,1
DA:40,0
DA:41,0
DA:42,0
DA:43,0
DA:44,0
DA:45,0
DA:46,0
DA:47,1
DA:48,1
DA:49,6
DA:50,5
DA:51,5
DA:52,6
DA:53,1
DA:54,1
DA:55,0
DA:56,0
DA:57,0
DA:58,0
DA:59,0
DA:60,0
DA:61,0
DA:62,0
DA:63,0
LF:63
LH:18
BRDA:1,0,0,1
BRDA:48,1,0,6
BRDA:49,2,0,1
BRDA:50,3,0,5
BRF:4
BRH:4
end_of_record
